[NCNN] Setting up models config
[NCNN] Loading model: /home/asesorov/itmo/DeepLearning/models/yolov8/ncnn/best_ncnn_model
Drawing bounding boxes
Inference: detection
[31;20m[ ERROR ] boxes: ultralytics.engine.results.Boxes object with attributes:

cls: tensor([ 1., 17., 35.])
conf: tensor([0.9621, 0.5160, 0.5060])
data: tensor([[2.4379e+02, 4.0349e+00, 2.7421e+02, 3.3858e+01, 9.6206e-01, 1.0000e+00],
        [3.9801e+02, 1.3188e+02, 4.3124e+02, 1.6183e+02, 5.1596e-01, 1.7000e+01],
        [5.3821e+02, 2.1875e+01, 5.5725e+02, 4.0857e+01, 5.0599e-01, 3.5000e+01]])
id: None
is_track: False
orig_shape: (225, 604)
shape: torch.Size([3, 6])
xywh: tensor([[258.9991,  18.9467,  30.4140,  29.8235],
        [414.6213, 146.8513,  33.2314,  29.9489],
        [547.7330,  31.3662,  19.0386,  18.9825]])
xywhn: tensor([[0.4288, 0.0842, 0.0504, 0.1325],
        [0.6865, 0.6527, 0.0550, 0.1331],
        [0.9068, 0.1394, 0.0315, 0.0844]])
xyxy: tensor([[243.7921,   4.0349, 274.2061,  33.8584],
        [398.0057, 131.8769, 431.2370, 161.8258],
        [538.2137,  21.8749, 557.2524,  40.8575]])
xyxyn: tensor([[0.4036, 0.0179, 0.4540, 0.1505],
        [0.6589, 0.5861, 0.7140, 0.7192],
        [0.8911, 0.0972, 0.9226, 0.1816]])[0m
Detected 3 objects
